  Input_Stream.cpp
  Output_Stream.cpp
  String.cpp
  main.cpp
  Mesh.cpp
  View.cpp
  Generating Code...
sfml-main-d.lib(MainWin32.cpp.obj) : warning LNK4099: PDB 'vc140.pdb' was not found with 'sfml-main-d.lib(MainWin32.cpp.obj)' or at 'D:\Projects\Sourcetree\C++\Z-Buffer\projects\vs-2015\Debug\vc140.pdb'; linking object as if no debug info
sfml-system-s-d.lib(Clock.cpp.obj) : warning LNK4099: PDB 'vc140.pdb' was not found with 'sfml-system-s-d.lib(Clock.cpp.obj)' or at 'D:\Projects\Sourcetree\C++\Z-Buffer\projects\vs-2015\Debug\vc140.pdb'; linking object as if no debug info
sfml-system-s-d.lib(Err.cpp.obj) : warning LNK4099: PDB 'vc140.pdb' was not found with 'sfml-system-s-d.lib(Err.cpp.obj)' or at 'D:\Projects\Sourcetree\C++\Z-Buffer\projects\vs-2015\Debug\vc140.pdb'; linking object as if no debug info
sfml-system-s-d.lib(Lock.cpp.obj) : warning LNK4099: PDB 'vc140.pdb' was not found with 'sfml-system-s-d.lib(Lock.cpp.obj)' or at 'D:\Projects\Sourcetree\C++\Z-Buffer\projects\vs-2015\Debug\vc140.pdb'; linking object as if no debug info
sfml-system-s-d.lib(Mutex.cpp.obj) : warning LNK4099: PDB 'vc140.pdb' was not found with 'sfml-system-s-d.lib(Mutex.cpp.obj)' or at 'D:\Projects\Sourcetree\C++\Z-Buffer\projects\vs-2015\Debug\vc140.pdb'; linking object as if no debug info
sfml-system-s-d.lib(Sleep.cpp.obj) : warning LNK4099: PDB 'vc140.pdb' was not found with 'sfml-system-s-d.lib(Sleep.cpp.obj)' or at 'D:\Projects\Sourcetree\C++\Z-Buffer\projects\vs-2015\Debug\vc140.pdb'; linking object as if no debug info
sfml-system-s-d.lib(String.cpp.obj) : warning LNK4099: PDB 'vc140.pdb' was not found with 'sfml-system-s-d.lib(String.cpp.obj)' or at 'D:\Projects\Sourcetree\C++\Z-Buffer\projects\vs-2015\Debug\vc140.pdb'; linking object as if no debug info
sfml-system-s-d.lib(ThreadLocal.cpp.obj) : warning LNK4099: PDB 'vc140.pdb' was not found with 'sfml-system-s-d.lib(ThreadLocal.cpp.obj)' or at 'D:\Projects\Sourcetree\C++\Z-Buffer\projects\vs-2015\Debug\vc140.pdb'; linking object as if no debug info
sfml-system-s-d.lib(Time.cpp.obj) : warning LNK4099: PDB 'vc140.pdb' was not found with 'sfml-system-s-d.lib(Time.cpp.obj)' or at 'D:\Projects\Sourcetree\C++\Z-Buffer\projects\vs-2015\Debug\vc140.pdb'; linking object as if no debug info
sfml-system-s-d.lib(ClockImpl.cpp.obj) : warning LNK4099: PDB 'vc140.pdb' was not found with 'sfml-system-s-d.lib(ClockImpl.cpp.obj)' or at 'D:\Projects\Sourcetree\C++\Z-Buffer\projects\vs-2015\Debug\vc140.pdb'; linking object as if no debug info
sfml-system-s-d.lib(MutexImpl.cpp.obj) : warning LNK4099: PDB 'vc140.pdb' was not found with 'sfml-system-s-d.lib(MutexImpl.cpp.obj)' or at 'D:\Projects\Sourcetree\C++\Z-Buffer\projects\vs-2015\Debug\vc140.pdb'; linking object as if no debug info
sfml-system-s-d.lib(SleepImpl.cpp.obj) : warning LNK4099: PDB 'vc140.pdb' was not found with 'sfml-system-s-d.lib(SleepImpl.cpp.obj)' or at 'D:\Projects\Sourcetree\C++\Z-Buffer\projects\vs-2015\Debug\vc140.pdb'; linking object as if no debug info
sfml-system-s-d.lib(ThreadLocalImpl.cpp.obj) : warning LNK4099: PDB 'vc140.pdb' was not found with 'sfml-system-s-d.lib(ThreadLocalImpl.cpp.obj)' or at 'D:\Projects\Sourcetree\C++\Z-Buffer\projects\vs-2015\Debug\vc140.pdb'; linking object as if no debug info
sfml-window-s-d.lib(Context.cpp.obj) : warning LNK4099: PDB 'vc140.pdb' was not found with 'sfml-window-s-d.lib(Context.cpp.obj)' or at 'D:\Projects\Sourcetree\C++\Z-Buffer\projects\vs-2015\Debug\vc140.pdb'; linking object as if no debug info
sfml-window-s-d.lib(GlContext.cpp.obj) : warning LNK4099: PDB 'vc140.pdb' was not found with 'sfml-window-s-d.lib(GlContext.cpp.obj)' or at 'D:\Projects\Sourcetree\C++\Z-Buffer\projects\vs-2015\Debug\vc140.pdb'; linking object as if no debug info
sfml-window-s-d.lib(GlResource.cpp.obj) : warning LNK4099: PDB 'vc140.pdb' was not found with 'sfml-window-s-d.lib(GlResource.cpp.obj)' or at 'D:\Projects\Sourcetree\C++\Z-Buffer\projects\vs-2015\Debug\vc140.pdb'; linking object as if no debug info
sfml-window-s-d.lib(Joystick.cpp.obj) : warning LNK4099: PDB 'vc140.pdb' was not found with 'sfml-window-s-d.lib(Joystick.cpp.obj)' or at 'D:\Projects\Sourcetree\C++\Z-Buffer\projects\vs-2015\Debug\vc140.pdb'; linking object as if no debug info
sfml-window-s-d.lib(JoystickManager.cpp.obj) : warning LNK4099: PDB 'vc140.pdb' was not found with 'sfml-window-s-d.lib(JoystickManager.cpp.obj)' or at 'D:\Projects\Sourcetree\C++\Z-Buffer\projects\vs-2015\Debug\vc140.pdb'; linking object as if no debug info
sfml-window-s-d.lib(SensorManager.cpp.obj) : warning LNK4099: PDB 'vc140.pdb' was not found with 'sfml-window-s-d.lib(SensorManager.cpp.obj)' or at 'D:\Projects\Sourcetree\C++\Z-Buffer\projects\vs-2015\Debug\vc140.pdb'; linking object as if no debug info
sfml-window-s-d.lib(VideoMode.cpp.obj) : warning LNK4099: PDB 'vc140.pdb' was not found with 'sfml-window-s-d.lib(VideoMode.cpp.obj)' or at 'D:\Projects\Sourcetree\C++\Z-Buffer\projects\vs-2015\Debug\vc140.pdb'; linking object as if no debug info
sfml-window-s-d.lib(Window.cpp.obj) : warning LNK4099: PDB 'vc140.pdb' was not found with 'sfml-window-s-d.lib(Window.cpp.obj)' or at 'D:\Projects\Sourcetree\C++\Z-Buffer\projects\vs-2015\Debug\vc140.pdb'; linking object as if no debug info
sfml-window-s-d.lib(WindowImpl.cpp.obj) : warning LNK4099: PDB 'vc140.pdb' was not found with 'sfml-window-s-d.lib(WindowImpl.cpp.obj)' or at 'D:\Projects\Sourcetree\C++\Z-Buffer\projects\vs-2015\Debug\vc140.pdb'; linking object as if no debug info
sfml-window-s-d.lib(WglContext.cpp.obj) : warning LNK4099: PDB 'vc140.pdb' was not found with 'sfml-window-s-d.lib(WglContext.cpp.obj)' or at 'D:\Projects\Sourcetree\C++\Z-Buffer\projects\vs-2015\Debug\vc140.pdb'; linking object as if no debug info
sfml-window-s-d.lib(WglExtensions.cpp.obj) : warning LNK4099: PDB 'vc140.pdb' was not found with 'sfml-window-s-d.lib(WglExtensions.cpp.obj)' or at 'D:\Projects\Sourcetree\C++\Z-Buffer\projects\vs-2015\Debug\vc140.pdb'; linking object as if no debug info
sfml-window-s-d.lib(JoystickImpl.cpp.obj) : warning LNK4099: PDB 'vc140.pdb' was not found with 'sfml-window-s-d.lib(JoystickImpl.cpp.obj)' or at 'D:\Projects\Sourcetree\C++\Z-Buffer\projects\vs-2015\Debug\vc140.pdb'; linking object as if no debug info
sfml-window-s-d.lib(SensorImpl.cpp.obj) : warning LNK4099: PDB 'vc140.pdb' was not found with 'sfml-window-s-d.lib(SensorImpl.cpp.obj)' or at 'D:\Projects\Sourcetree\C++\Z-Buffer\projects\vs-2015\Debug\vc140.pdb'; linking object as if no debug info
sfml-window-s-d.lib(VideoModeImpl.cpp.obj) : warning LNK4099: PDB 'vc140.pdb' was not found with 'sfml-window-s-d.lib(VideoModeImpl.cpp.obj)' or at 'D:\Projects\Sourcetree\C++\Z-Buffer\projects\vs-2015\Debug\vc140.pdb'; linking object as if no debug info
sfml-window-s-d.lib(WindowImplWin32.cpp.obj) : warning LNK4099: PDB 'vc140.pdb' was not found with 'sfml-window-s-d.lib(WindowImplWin32.cpp.obj)' or at 'D:\Projects\Sourcetree\C++\Z-Buffer\projects\vs-2015\Debug\vc140.pdb'; linking object as if no debug info
  Z-Buffer.vcxproj -> D:\Projects\Sourcetree\C++\Z-Buffer\projects\vs-2015\Debug\Z-Buffer.exe
