c:\users\alumno\downloads\angel-esne-c-graphics-examples-d663e9187b60\4b - z-buffer\projects\vs-2015\debug\vc141.pdb
c:\users\alumno\downloads\angel-esne-c-graphics-examples-d663e9187b60\4b - z-buffer\projects\vs-2015\debug\vc141.idb
c:\users\alumno\downloads\angel-esne-c-graphics-examples-d663e9187b60\4b - z-buffer\projects\vs-2015\debug\view.obj
c:\users\alumno\downloads\angel-esne-c-graphics-examples-d663e9187b60\4b - z-buffer\projects\vs-2015\debug\main.obj
c:\users\alumno\downloads\angel-esne-c-graphics-examples-d663e9187b60\4b - z-buffer\projects\vs-2015\debug\string.obj
c:\users\alumno\downloads\angel-esne-c-graphics-examples-d663e9187b60\4b - z-buffer\projects\vs-2015\debug\output_stream.obj
c:\users\alumno\downloads\angel-esne-c-graphics-examples-d663e9187b60\4b - z-buffer\projects\vs-2015\debug\input_stream.obj
c:\users\alumno\downloads\angel-esne-c-graphics-examples-d663e9187b60\z-buffer\projects\vs-2015\debug\vc141.pdb
c:\users\alumno\downloads\angel-esne-c-graphics-examples-d663e9187b60\z-buffer\projects\vs-2015\debug\vc141.idb
c:\users\alumno\downloads\angel-esne-c-graphics-examples-d663e9187b60\z-buffer\projects\vs-2015\debug\view.obj
c:\users\alumno\downloads\angel-esne-c-graphics-examples-d663e9187b60\z-buffer\projects\vs-2015\debug\mesh.obj
c:\users\alumno\downloads\angel-esne-c-graphics-examples-d663e9187b60\z-buffer\projects\vs-2015\debug\main.obj
c:\users\alumno\downloads\angel-esne-c-graphics-examples-d663e9187b60\z-buffer\projects\vs-2015\debug\string.obj
c:\users\alumno\downloads\angel-esne-c-graphics-examples-d663e9187b60\z-buffer\projects\vs-2015\debug\output_stream.obj
c:\users\alumno\downloads\angel-esne-c-graphics-examples-d663e9187b60\z-buffer\projects\vs-2015\debug\input_stream.obj
c:\users\alumno\downloads\angel-esne-c-graphics-examples-d663e9187b60\4b - z-buffer\projects\vs-2015\debug\z-buffer.exe
c:\users\alumno\downloads\angel-esne-c-graphics-examples-d663e9187b60\4b - z-buffer\projects\vs-2015\debug\z-buffer.ilk
c:\users\alumno\downloads\angel-esne-c-graphics-examples-d663e9187b60\4b - z-buffer\projects\vs-2015\debug\z-buffer.pdb
c:\users\alumno\downloads\angel-esne-c-graphics-examples-d663e9187b60\z-buffer\projects\vs-2015\debug\z-buffer.exe
c:\users\alumno\downloads\angel-esne-c-graphics-examples-d663e9187b60\z-buffer\projects\vs-2015\debug\z-buffer.ilk
c:\users\alumno\downloads\angel-esne-c-graphics-examples-d663e9187b60\z-buffer\projects\vs-2015\debug\z-buffer.pdb
c:\users\alumno\downloads\angel-esne-c-graphics-examples-d663e9187b60\z-buffer\projects\vs-2015\debug\z-buffer.tlog\cl.command.1.tlog
c:\users\alumno\downloads\angel-esne-c-graphics-examples-d663e9187b60\z-buffer\projects\vs-2015\debug\z-buffer.tlog\cl.read.1.tlog
c:\users\alumno\downloads\angel-esne-c-graphics-examples-d663e9187b60\z-buffer\projects\vs-2015\debug\z-buffer.tlog\cl.write.1.tlog
c:\users\alumno\downloads\angel-esne-c-graphics-examples-d663e9187b60\z-buffer\projects\vs-2015\debug\z-buffer.tlog\link.command.1.tlog
c:\users\alumno\downloads\angel-esne-c-graphics-examples-d663e9187b60\z-buffer\projects\vs-2015\debug\z-buffer.tlog\link.read.1.tlog
c:\users\alumno\downloads\angel-esne-c-graphics-examples-d663e9187b60\z-buffer\projects\vs-2015\debug\z-buffer.tlog\link.write.1.tlog
